<?xml version="1.0" encoding="UTF-8"?>
<!-- Generated by org.testng.reporters.JUnitReportReporter -->
<testsuite hostname="Hasee-PC" name="wrappers.DuplicateLead" tests="1" failures="0" timestamp="12 Sep 2017 09:04:31 GMT" time="25.141" errors="0">
  <testcase name="Duplicate" time="25.141" classname="wrappers.DuplicateLead"/>
</testsuite> <!-- wrappers.DuplicateLead -->
