<?xml version="1.0" encoding="UTF-8"?>
<!-- Generated by org.testng.reporters.JUnitReportReporter -->
<testsuite hostname="Hasee-PC" name="wrappers.CreateLead" tests="2" failures="0" timestamp="2 Oct 2017 14:48:12 GMT" time="94.616" errors="0">
  <testcase name="createLead" time="49.773" classname="wrappers.CreateLead"/>
  <testcase name="createLead" time="44.843" classname="wrappers.CreateLead"/>
</testsuite> <!-- wrappers.CreateLead -->
