<?xml version="1.0" encoding="UTF-8"?>
<!-- Generated by org.testng.reporters.JUnitReportReporter -->
<testsuite hostname="Hasee-PC" name="week123.CreateLead1" tests="1" failures="0" timestamp="2 Oct 2017 15:15:11 GMT" time="41.100" errors="0">
  <testcase name="createLead" time="41.100" classname="week123.CreateLead1"/>
</testsuite> <!-- week123.CreateLead1 -->
